<?xml version="1.0" encoding="UTF-8"?>
<testng-results ignored="0" total="1" passed="1" failed="0" skipped="0">
  <reporter-output>
  </reporter-output>
  <suite started-at="2022-01-08T23:23:00 PST" name="Default suite" finished-at="2022-01-08T23:23:41 PST" duration-ms="41038">
    <groups>
    </groups>
    <test started-at="2022-01-08T23:23:00 PST" name="Default test" finished-at="2022-01-08T23:23:41 PST" duration-ms="41038">
      <class name="com.amazon.testCases.AmazonLoginTest">
        <test-method is-config="true" signature="setUp()[pri:0, instance:com.amazon.testCases.AmazonLoginTest@f5acb9d]" started-at="2022-01-08T23:23:00 PST" name="setUp" finished-at="2022-01-08T23:23:39 PST" duration-ms="38897" status="PASS">
          <reporter-output>
          </reporter-output>
        </test-method> <!-- setUp -->
        <test-method signature="AmazonTest()[pri:0, instance:com.amazon.testCases.AmazonLoginTest@f5acb9d]" started-at="2022-01-08T23:23:39 PST" name="AmazonTest" finished-at="2022-01-08T23:23:39 PST" duration-ms="85" status="PASS">
          <reporter-output>
          </reporter-output>
        </test-method> <!-- AmazonTest -->
        <test-method is-config="true" signature="tearDown()[pri:0, instance:com.amazon.testCases.AmazonLoginTest@f5acb9d]" started-at="2022-01-08T23:23:39 PST" name="tearDown" finished-at="2022-01-08T23:23:41 PST" duration-ms="1954" status="PASS">
          <reporter-output>
          </reporter-output>
        </test-method> <!-- tearDown -->
      </class> <!-- com.amazon.testCases.AmazonLoginTest -->
    </test> <!-- Default test -->
  </suite> <!-- Default suite -->
</testng-results>
